# JRE version: OpenJDK Runtime Environment (8.0) (build 1.8.0-adoptopenjdk-_2018_05_19_00_59-b00)
# Java VM: OpenJDK 64-Bit Server VM (25.71-b00 mixed mode windows-amd64 compressed oops)
Heap:
 PSYoungGen      total 28160K, used 13348K [0x00000000e0f80000, 0x00000000e2e80000, 0x0000000100000000)
  eden space 24576K, 39% used [0x00000000e0f80000,0x00000000e190da20,0x00000000e2780000)
  from space 3584K, 99% used [0x00000000e2780000,0x00000000e2afb970,0x00000000e2b00000)
  to   space 3584K, 0% used [0x00000000e2b00000,0x00000000e2b00000,0x00000000e2e80000)
 ParOldGen       total 64512K, used 4666K [0x00000000a2e00000, 0x00000000a6d00000, 0x00000000e0f80000)
  object space 64512K, 7% used [0x00000000a2e00000,0x00000000a328ebf8,0x00000000a6d00000)
 Metaspace       used 17736K, capacity 18158K, committed 18304K, reserved 1064960K
  class space    used 2008K, capacity 2141K, committed 2176K, reserved 1048576K
GC Heap History (10 events):
Event: 8.091 GC heap before
{Heap before GC invocations=1 (full 0):
 PSYoungGen      total 28160K, used 24576K [0x00000000e0f80000, 0x00000000e2e80000, 0x0000000100000000)
  eden space 24576K, 100% used [0x00000000e0f80000,0x00000000e2780000,0x00000000e2780000)
  from space 3584K, 0% used [0x00000000e2b00000,0x00000000e2b00000,0x00000000e2e80000)
  to   space 3584K, 0% used [0x00000000e2780000,0x00000000e2780000,0x00000000e2b00000)
 ParOldGen       total 64512K, used 0K [0x00000000a2e00000, 0x00000000a6d00000, 0x00000000e0f80000)
  object space 64512K, 0% used [0x00000000a2e00000,0x00000000a2e00000,0x00000000a6d00000)
 Metaspace       used 10028K, capacity 10248K, committed 10496K, reserved 1058816K
  class space    used 1163K, capacity 1254K, committed 1280K, reserved 1048576K
Event: 8.126 GC heap after
Heap after GC invocations=1 (full 0):
 PSYoungGen      total 28160K, used 3556K [0x00000000e0f80000, 0x00000000e2e80000, 0x0000000100000000)
  eden space 24576K, 0% used [0x00000000e0f80000,0x00000000e0f80000,0x00000000e2780000)
  from space 3584K, 99% used [0x00000000e2780000,0x00000000e2af9258,0x00000000e2b00000)
  to   space 3584K, 0% used [0x00000000e2b00000,0x00000000e2b00000,0x00000000e2e80000)
 ParOldGen       total 64512K, used 1286K [0x00000000a2e00000, 0x00000000a6d00000, 0x00000000e0f80000)
  object space 64512K, 1% used [0x00000000a2e00000,0x00000000a2f418e0,0x00000000a6d00000)
 Metaspace       used 10028K, capacity 10248K, committed 10496K, reserved 1058816K
  class space    used 1163K, capacity 1254K, committed 1280K, reserved 1048576K
}
Event: 10.220 GC heap before
{Heap before GC invocations=2 (full 0):
 PSYoungGen      total 28160K, used 28132K [0x00000000e0f80000, 0x00000000e2e80000, 0x0000000100000000)
  eden space 24576K, 100% used [0x00000000e0f80000,0x00000000e2780000,0x00000000e2780000)
  from space 3584K, 99% used [0x00000000e2780000,0x00000000e2af9258,0x00000000e2b00000)
  to   space 3584K, 0% used [0x00000000e2b00000,0x00000000e2b00000,0x00000000e2e80000)
 ParOldGen       total 64512K, used 1286K [0x00000000a2e00000, 0x00000000a6d00000, 0x00000000e0f80000)
  object space 64512K, 1% used [0x00000000a2e00000,0x00000000a2f418e0,0x00000000a6d00000)
 Metaspace       used 17069K, capacity 17460K, committed 17792K, reserved 1064960K
  class space    used 1974K, capacity 2094K, committed 2176K, reserved 1048576K
Event: 10.231 GC heap after
Heap after GC invocations=2 (full 0):
 PSYoungGen      total 28160K, used 3575K [0x00000000e0f80000, 0x00000000e2e80000, 0x0000000100000000)
  eden space 24576K, 0% used [0x00000000e0f80000,0x00000000e0f80000,0x00000000e2780000)
  from space 3584K, 99% used [0x00000000e2b00000,0x00000000e2e7dd08,0x00000000e2e80000)
  to   space 3584K, 0% used [0x00000000e2780000,0x00000000e2780000,0x00000000e2b00000)
 ParOldGen       total 64512K, used 3443K [0x00000000a2e00000, 0x00000000a6d00000, 0x00000000e0f80000)
  object space 64512K, 5% used [0x00000000a2e00000,0x00000000a315cc60,0x00000000a6d00000)
 Metaspace       used 17069K, capacity 17460K, committed 17792K, reserved 1064960K
  class space    used 1974K, capacity 2094K, committed 2176K, reserved 1048576K
}
Event: 11.624 GC heap before
{Heap before GC invocations=3 (full 0):
 PSYoungGen      total 28160K, used 28110K [0x00000000e0f80000, 0x00000000e2e80000, 0x0000000100000000)
  eden space 24576K, 99% used [0x00000000e0f80000,0x00000000e2775ec8,0x00000000e2780000)
  from space 3584K, 99% used [0x00000000e2b00000,0x00000000e2e7dd08,0x00000000e2e80000)
  to   space 3584K, 0% used [0x00000000e2780000,0x00000000e2780000,0x00000000e2b00000)
 ParOldGen       total 64512K, used 3443K [0x00000000a2e00000, 0x00000000a6d00000, 0x00000000e0f80000)
  object space 64512K, 5% used [0x00000000a2e00000,0x00000000a315cc60,0x00000000a6d00000)
 Metaspace       used 17548K, capacity 18012K, committed 18304K, reserved 1064960K
  class space    used 1998K, capacity 2138K, committed 2176K, reserved 1048576K
Event: 11.629 GC heap after
Heap after GC invocations=3 (full 0):
 PSYoungGen      total 28160K, used 3552K [0x00000000e0f80000, 0x00000000e2e80000, 0x0000000100000000)
  eden space 24576K, 0% used [0x00000000e0f80000,0x00000000e0f80000,0x00000000e2780000)
  from space 3584K, 99% used [0x00000000e2780000,0x00000000e2af80f8,0x00000000e2b00000)
  to   space 3584K, 0% used [0x00000000e2b00000,0x00000000e2b00000,0x00000000e2e80000)
 ParOldGen       total 64512K, used 4048K [0x00000000a2e00000, 0x00000000a6d00000, 0x00000000e0f80000)
  object space 64512K, 6% used [0x00000000a2e00000,0x00000000a31f43e0,0x00000000a6d00000)
 Metaspace       used 17548K, capacity 18012K, committed 18304K, reserved 1064960K
  class space    used 1998K, capacity 2138K, committed 2176K, reserved 1048576K
}
Event: 13.020 GC heap before
{Heap before GC invocations=4 (full 0):
 PSYoungGen      total 28160K, used 28128K [0x00000000e0f80000, 0x00000000e2e80000, 0x0000000100000000)
  eden space 24576K, 100% used [0x00000000e0f80000,0x00000000e2780000,0x00000000e2780000)
  from space 3584K, 99% used [0x00000000e2780000,0x00000000e2af80f8,0x00000000e2b00000)
  to   space 3584K, 0% used [0x00000000e2b00000,0x00000000e2b00000,0x00000000e2e80000)
 ParOldGen       total 64512K, used 4048K [0x00000000a2e00000, 0x00000000a6d00000, 0x00000000e0f80000)
  object space 64512K, 6% used [0x00000000a2e00000,0x00000000a31f43e0,0x00000000a6d00000)
 Metaspace       used 17602K, capacity 18024K, committed 18304K, reserved 1064960K
  class space    used 1999K, capacity 2140K, committed 2176K, reserved 1048576K
Event: 13.025 GC heap after
Heap after GC invocations=4 (full 0):
 PSYoungGen      total 28160K, used 3571K [0x00000000e0f80000, 0x00000000e2e80000, 0x0000000100000000)
  eden space 24576K, 0% used [0x00000000e0f80000,0x00000000e0f80000,0x00000000e2780000)
  from space 3584K, 99% used [0x00000000e2b00000,0x00000000e2e7ce00,0x00000000e2e80000)
  to   space 3584K, 0% used [0x00000000e2780000,0x00000000e2780000,0x00000000e2b00000)
 ParOldGen       total 64512K, used 4314K [0x00000000a2e00000, 0x00000000a6d00000, 0x00000000e0f80000)
  object space 64512K, 6% used [0x00000000a2e00000,0x00000000a3236a40,0x00000000a6d00000)
 Metaspace       used 17602K, capacity 18024K, committed 18304K, reserved 1064960K
  class space    used 1999K, capacity 2140K, committed 2176K, reserved 1048576K
}
Event: 13.684 GC heap before
{Heap before GC invocations=5 (full 0):
 PSYoungGen      total 28160K, used 28147K [0x00000000e0f80000, 0x00000000e2e80000, 0x0000000100000000)
  eden space 24576K, 100% used [0x00000000e0f80000,0x00000000e2780000,0x00000000e2780000)
  from space 3584K, 99% used [0x00000000e2b00000,0x00000000e2e7ce00,0x00000000e2e80000)
  to   space 3584K, 0% used [0x00000000e2780000,0x00000000e2780000,0x00000000e2b00000)
 ParOldGen       total 64512K, used 4314K [0x00000000a2e00000, 0x00000000a6d00000, 0x00000000e0f80000)
  object space 64512K, 6% used [0x00000000a2e00000,0x00000000a3236a40,0x00000000a6d00000)
 Metaspace       used 17642K, capacity 18094K, committed 18304K, reserved 1064960K
  class space    used 1999K, capacity 2141K, committed 2176K, reserved 1048576K
Event: 13.701 GC heap after
Heap after GC invocations=5 (full 0):
 PSYoungGen      total 28160K, used 3566K [0x00000000e0f80000, 0x00000000e2e80000, 0x0000000100000000)
  eden space 24576K, 0% used [0x00000000e0f80000,0x00000000e0f80000,0x00000000e2780000)
  from space 3584K, 99% used [0x00000000e2780000,0x00000000e2afb970,0x00000000e2b00000)
  to   space 3584K, 0% used [0x00000000e2b00000,0x00000000e2b00000,0x00000000e2e80000)
 ParOldGen       total 64512K, used 4666K [0x00000000a2e00000, 0x00000000a6d00000, 0x00000000e0f80000)
  object space 64512K, 7% used [0x00000000a2e00000,0x00000000a328ebf8,0x00000000a6d00000)
 Metaspace       used 17642K, capacity 18094K, committed 18304K, reserved 1064960K
  class space    used 1999K, capacity 2141K, committed 2176K, reserved 1048576K
}

